2017-11-02 15:33:40 +0000 [MT] Initial pipeline context: <IDEDistributionProcessingPipelineContext: 0x7fce0986e200; archive(resolved)='<IDEArchive: 0x7fce097ba370>', distributionTask(resolved)='2', distributionMethod(resolved)='<IDEDistributionMethodDevelopmentSigned: 0x7fce09448960>', team(resolved)='<IDEProvisioningBasicTeam 0x7fce096ab880: teamID: B59R52GQM2, teamName: GREEN PANDA>'>
	Chain (11, self inclusive):
	<IDEDistributionProcessingPipelineContext: 0x7fce0986e200; archive = '<IDEArchive: 0x7fce097ba370>', distributionMethod='<IDEDistributionMethodDevelopmentSigned: 0x7fce09448960>', team='<IDEProvisioningBasicTeam 0x7fce096ab880: teamID: B59R52GQM2, teamName: GREEN PANDA>'>
	<IDEDistributionProcessingPipelineContext: 0x7fce098631c0; archive = '<IDEArchive: 0x7fce097ba370>', distributionMethod='<IDEDistributionMethodDevelopmentSigned: 0x7fce09448960>', team='<IDEProvisioningBasicTeam 0x7fce096ab880: teamID: B59R52GQM2, teamName: GREEN PANDA>'>
	<IDEDistributionContext: 0x7fce098810a0; archive = '<IDEArchive: 0x7fce097ba370>', distributionMethod='<IDEDistributionMethodDevelopmentSigned: 0x7fce09448960>', team='<IDEProvisioningBasicTeam 0x7fce096ab880: teamID: B59R52GQM2, teamName: GREEN PANDA>'>
	<IDEDistributionContext: 0x7fce094ac490; archive = '<IDEArchive: 0x7fce097ba370>', distributionMethod='<IDEDistributionMethodDevelopmentSigned: 0x7fce09448960>', team='<IDEProvisioningBasicTeam 0x7fce096ab880: teamID: B59R52GQM2, teamName: GREEN PANDA>'>
	<IDEDistributionContext: 0x7fce094ab100; archive = '<IDEArchive: 0x7fce097ba370>', distributionMethod='<IDEDistributionMethodDevelopmentSigned: 0x7fce09448960>', team='<IDEProvisioningBasicTeam 0x7fce096ab880: teamID: B59R52GQM2, teamName: GREEN PANDA>'>
	<IDEDistributionContext: 0x7fce094a3e60; archive = '<IDEArchive: 0x7fce097ba370>', distributionMethod='<IDEDistributionMethodDevelopmentSigned: 0x7fce09448960>', team='<IDEProvisioningBasicTeam 0x7fce096ab880: teamID: B59R52GQM2, teamName: GREEN PANDA>'>
	<IDEDistributionContext: 0x7fce096b1900; archive = '<IDEArchive: 0x7fce097ba370>', distributionMethod='<IDEDistributionMethodDevelopmentSigned: 0x7fce09448960>', team='<IDEProvisioningBasicTeam 0x7fce096ab880: teamID: B59R52GQM2, teamName: GREEN PANDA>'>
	<IDEDistributionContext: 0x7fce096a99d0; archive = '<IDEArchive: 0x7fce097ba370>', distributionMethod='<IDEDistributionMethodDevelopmentSigned: 0x7fce09448960>', team='<IDEProvisioningBasicTeam 0x7fce096ab880: teamID: B59R52GQM2, teamName: GREEN PANDA>'>
	<IDEDistributionContext: 0x7fce097d3070; archive = '<IDEArchive: 0x7fce097ba370>', distributionMethod='<IDEDistributionMethodDevelopmentSigned: 0x7fce09448960>', team='<IDEProvisioningBasicTeam 0x7fce096ab880: teamID: B59R52GQM2, teamName: GREEN PANDA>'>
	<IDEDistributionContext: 0x7fce09356910; archive = '<IDEArchive: 0x7fce097ba370>', distributionMethod='<IDEDistributionMethodDevelopmentSigned: 0x7fce09448960>', team='(null)'>
	<IDEDistributionContext: 0x7fce097bacd0; archive = '<IDEArchive: 0x7fce097ba370>', distributionMethod='(null)', team='(null)'>
</IDEDistributionProcessingPipelineContext: 0x7fce0986e200>
2017-11-02 15:33:40 +0000 [MT] Processing step: IDEDistributionCreateDestRootStep
2017-11-02 15:33:40 +0000 [MT] Processing step: IDEDistributionCopyItemStep
2017-11-02 15:33:40 +0000 [MT] Running /usr/bin/ditto '-V' '/Users/arthurhatchiguian/Desktop/Epitech/mobile hybrid/mobileHybrid/platforms/ios/MyApp.xcarchive/Products/Applications/MyApp.app' '/var/folders/0h/_vdynxmj5lqdc1l6sq09m1qm0000gn/T/XcodeDistPipeline.BSl/Root/Payload/MyApp.app'
2017-11-02 15:33:40 +0000  >>> Copying /Users/arthurhatchiguian/Desktop/Epitech/mobile hybrid/mobileHybrid/platforms/ios/MyApp.xcarchive/Products/Applications/MyApp.app 
2017-11-02 15:33:40 +0000  copying file ./_CodeSignature/CodeResources ... 
2017-11-02 15:33:40 +0000  35585 bytes for ./_CodeSignature/CodeResources
2017-11-02 15:33:40 +0000  copying file ./LaunchImage@2x.png ... 
2017-11-02 15:33:40 +0000  23869 bytes for ./LaunchImage@2x.png
copying file ./AppIcon20x20@2x.png ... 
2017-11-02 15:33:40 +0000  1574 bytes for ./AppIcon20x20@2x.png
copying file ./MainViewController.nib ... 
2017-11-02 15:33:40 +0000  943 bytes for ./MainViewController.nib
2017-11-02 15:33:40 +0000  copying file ./AppIcon57x57.png ... 
2017-11-02 15:33:40 +0000  2442 bytes for ./AppIcon57x57.png
copying file ./AppIcon20x20@3x.png ... 
2017-11-02 15:33:40 +0000  3194 bytes for ./AppIcon20x20@3x.png
copying file ./AppIcon29x29.png ... 
2017-11-02 15:33:40 +0000  1161 bytes for ./AppIcon29x29.png
copying file ./LaunchImage-568h@2x.png ... 
2017-11-02 15:33:40 +0000  24210 bytes for ./LaunchImage-568h@2x.png
copying file ./AppIcon60x60@2x.png ... 
2017-11-02 15:33:40 +0000  9342 bytes for ./AppIcon60x60@2x.png
copying file ./AppIcon72x72@2x~ipad.png ... 
2017-11-02 15:33:40 +0000  11850 bytes for ./AppIcon72x72@2x~ipad.png
2017-11-02 15:33:40 +0000  copying file ./AppIcon29x29@2x.png ... 
2017-11-02 15:33:40 +0000  2643 bytes for ./AppIcon29x29@2x.png
2017-11-02 15:33:40 +0000  copying file ./LaunchImage-800-667h@2x.png ... 
2017-11-02 15:33:40 +0000  30104 bytes for ./LaunchImage-800-667h@2x.png
copying file ./LaunchImage-Portrait@2x~ipad.png ... 
2017-11-02 15:33:40 +0000  145829 bytes for ./LaunchImage-Portrait@2x~ipad.png
2017-11-02 15:33:40 +0000  copying file ./AppIcon40x40@3x.png ... 
2017-11-02 15:33:40 +0000  9342 bytes for ./AppIcon40x40@3x.png
copying file ./AppIcon57x57@2x.png ... 
2017-11-02 15:33:40 +0000  9149 bytes for ./AppIcon57x57@2x.png
copying file ./AppIcon29x29~ipad.png ... 
2017-11-02 15:33:40 +0000  1161 bytes for ./AppIcon29x29~ipad.png
2017-11-02 15:33:40 +0000  copying file ./AppIcon40x40@2x.png ... 
2017-11-02 15:33:40 +0000  6217 bytes for ./AppIcon40x40@2x.png
copying file ./LaunchImage-Portrait~ipad.png ... 
2017-11-02 15:33:40 +0000  27228 bytes for ./LaunchImage-Portrait~ipad.png
copying file ./AppIcon29x29@3x.png ... 
2017-11-02 15:33:40 +0000  6514 bytes for ./AppIcon29x29@3x.png
2017-11-02 15:33:40 +0000  copying file ./GoogleService-Info.plist ... 
2017-11-02 15:33:40 +0000  883 bytes for ./GoogleService-Info.plist
copying file ./AppIcon60x60@3x.png ... 
2017-11-02 15:33:40 +0000  15427 bytes for ./AppIcon60x60@3x.png
2017-11-02 15:33:40 +0000  copying file ./MyApp ... 
2017-11-02 15:33:40 +0000  2948720 bytes for ./MyApp
2017-11-02 15:33:40 +0000  copying file ./config.xml ... 
2017-11-02 15:33:40 +0000  6531 bytes for ./config.xml
2017-11-02 15:33:40 +0000  copying file ./www/index.html ... 
2017-11-02 15:33:40 +0000  1921 bytes for ./www/index.html
copying file ./www/cordova.js ... 
2017-11-02 15:33:40 +0000  78044 bytes for ./www/cordova.js
2017-11-02 15:33:40 +0000  copying file ./www/plugins/cordova-plugin-ionic-webview/src/www/ios/ios-wkwebview-exec.js ... 
2017-11-02 15:33:40 +0000  6167 bytes for ./www/plugins/cordova-plugin-ionic-webview/src/www/ios/ios-wkwebview-exec.js
2017-11-02 15:33:40 +0000  copying file ./www/plugins/cordova-plugin-device/www/device.js ... 
2017-11-02 15:33:40 +0000  3062 bytes for ./www/plugins/cordova-plugin-device/www/device.js
2017-11-02 15:33:40 +0000  copying file ./www/plugins/cordova-plugin-geolocation/www/geolocation.js ... 
2017-11-02 15:33:40 +0000  8629 bytes for ./www/plugins/cordova-plugin-geolocation/www/geolocation.js
copying file ./www/plugins/cordova-plugin-geolocation/www/PositionError.js ... 
2017-11-02 15:33:40 +0000  1376 bytes for ./www/plugins/cordova-plugin-geolocation/www/PositionError.js
2017-11-02 15:33:40 +0000  copying file ./www/plugins/cordova-plugin-geolocation/www/Coordinates.js ... 
2017-11-02 15:33:40 +0000  2075 bytes for ./www/plugins/cordova-plugin-geolocation/www/Coordinates.js
copying file ./www/plugins/cordova-plugin-geolocation/www/Position.js ... 
2017-11-02 15:33:40 +0000  1358 bytes for ./www/plugins/cordova-plugin-geolocation/www/Position.js
2017-11-02 15:33:40 +0000  copying file ./www/plugins/cordova-plugin-firebase-analytics/www/FirebaseAnalytics.js ... 
2017-11-02 15:33:40 +0000  876 bytes for ./www/plugins/cordova-plugin-firebase-analytics/www/FirebaseAnalytics.js
2017-11-02 15:33:40 +0000  copying file ./www/plugins/ionic-plugin-keyboard/www/ios/keyboard.js ... 
2017-11-02 15:33:40 +0000  1108 bytes for ./www/plugins/ionic-plugin-keyboard/www/ios/keyboard.js
2017-11-02 15:33:40 +0000  copying file ./www/plugins/cordova-plugin-statusbar/www/statusbar.js ... 
2017-11-02 15:33:40 +0000  3376 bytes for ./www/plugins/cordova-plugin-statusbar/www/statusbar.js
2017-11-02 15:33:40 +0000  copying file ./www/plugins/cordova-plugin-splashscreen/www/splashscreen.js ... 
2017-11-02 15:33:40 +0000  1173 bytes for ./www/plugins/cordova-plugin-splashscreen/www/splashscreen.js
2017-11-02 15:33:40 +0000  copying file ./www/cordova-js-src/exec.js ... 
2017-11-02 15:33:40 +0000  8877 bytes for ./www/cordova-js-src/exec.js
2017-11-02 15:33:40 +0000  copying file ./www/cordova-js-src/plugin/ios/logger.js ... 
2017-11-02 15:33:40 +0000  10233 bytes for ./www/cordova-js-src/plugin/ios/logger.js
copying file ./www/cordova-js-src/plugin/ios/console.js ... 
2017-11-02 15:33:40 +0000  6822 bytes for ./www/cordova-js-src/plugin/ios/console.js
2017-11-02 15:33:40 +0000  copying file ./www/cordova-js-src/platform.js ... 
2017-11-02 15:33:40 +0000  1168 bytes for ./www/cordova-js-src/platform.js
2017-11-02 15:33:40 +0000  copying file ./www/manifest.json ... 
2017-11-02 15:33:40 +0000  266 bytes for ./www/manifest.json
2017-11-02 15:33:40 +0000  copying file ./www/cordova_plugins.js ... 
2017-11-02 15:33:40 +0000  2868 bytes for ./www/cordova_plugins.js
copying file ./www/service-worker.js ... 
2017-11-02 15:33:40 +0000  740 bytes for ./www/service-worker.js
2017-11-02 15:33:40 +0000  copying file ./www/build/main.js.map ... 
2017-11-02 15:33:40 +0000  13280 bytes for ./www/build/main.js.map
copying file ./www/build/main.css.map ... 
2017-11-02 15:33:40 +0000  4 bytes for ./www/build/main.css.map
copying file ./www/build/polyfills.js ... 
2017-11-02 15:33:40 +0000  96527 bytes for ./www/build/polyfills.js
copying file ./www/build/1.js.map ... 
2017-11-02 15:33:40 +0000  914 bytes for ./www/build/1.js.map
copying file ./www/build/main.css ... 
2017-11-02 15:33:40 +0000  499193 bytes for ./www/build/main.css
2017-11-02 15:33:40 +0000  copying file ./www/build/vendor.js ... 
2017-11-02 15:33:40 +0000  4184838 bytes for ./www/build/vendor.js
copying file ./www/build/main.js ... 
2017-11-02 15:33:40 +0000  15197 bytes for ./www/build/main.js
copying file ./www/build/0.js.map ... 
2017-11-02 15:33:40 +0000  7262 bytes for ./www/build/0.js.map
copying file ./www/build/0.js ... 
2017-11-02 15:33:40 +0000  10451 bytes for ./www/build/0.js
2017-11-02 15:33:40 +0000  copying file ./www/build/1.js ... 
2017-11-02 15:33:40 +0000  2077 bytes for ./www/build/1.js
copying file ./www/build/sw-toolbox.js ... 
2017-11-02 15:33:40 +0000  15793 bytes for ./www/build/sw-toolbox.js
copying file ./www/build/vendor.js.map ... 
2017-11-02 15:33:40 +0000  4898813 bytes for ./www/build/vendor.js.map
2017-11-02 15:33:40 +0000  copying file ./www/assets/icon/favicon.ico ... 
2017-11-02 15:33:40 +0000  1981 bytes for ./www/assets/icon/favicon.ico
copying file ./www/assets/fonts/roboto-medium.ttf ... 
2017-11-02 15:33:40 +0000  19752 bytes for ./www/assets/fonts/roboto-medium.ttf
copying file ./www/assets/fonts/roboto-light.woff2 ... 
2017-11-02 15:33:40 +0000  10220 bytes for ./www/assets/fonts/roboto-light.woff2
copying file ./www/assets/fonts/roboto-light.ttf ... 
2017-11-02 15:33:40 +0000  19908 bytes for ./www/assets/fonts/roboto-light.ttf
copying file ./www/assets/fonts/roboto-regular.woff2 ... 
2017-11-02 15:33:40 +0000  10196 bytes for ./www/assets/fonts/roboto-regular.woff2
copying file ./www/assets/fonts/roboto-regular.woff ... 
2017-11-02 15:33:40 +0000  13308 bytes for ./www/assets/fonts/roboto-regular.woff
2017-11-02 15:33:40 +0000  copying file ./www/assets/fonts/noto-sans-bold.ttf ... 
2017-11-02 15:33:40 +0000  415132 bytes for ./www/assets/fonts/noto-sans-bold.ttf
copying file ./www/assets/fonts/ionicons.eot ... 
2017-11-02 15:33:40 +0000  144114 bytes for ./www/assets/fonts/ionicons.eot
copying file ./www/assets/fonts/noto-sans-bold.woff ... 
2017-11-02 15:33:40 +0000  211888 bytes for ./www/assets/fonts/noto-sans-bold.woff
2017-11-02 15:33:40 +0000  copying file ./www/assets/fonts/roboto-light.woff ... 
2017-11-02 15:33:40 +0000  13360 bytes for ./www/assets/fonts/roboto-light.woff
copying file ./www/assets/fonts/roboto-medium.woff2 ... 
2017-11-02 15:33:40 +0000  10192 bytes for ./www/assets/fonts/roboto-medium.woff2
copying file ./www/assets/fonts/ionicons.woff ... 
2017-11-02 15:33:40 +0000  80356 bytes for ./www/assets/fonts/ionicons.woff
copying file ./www/assets/fonts/roboto-regular.ttf ... 
2017-11-02 15:33:40 +0000  19876 bytes for ./www/assets/fonts/roboto-regular.ttf
2017-11-02 15:33:40 +0000  copying file ./www/assets/fonts/ionicons.ttf ... 
2017-11-02 15:33:40 +0000  143936 bytes for ./www/assets/fonts/ionicons.ttf
copying file ./www/assets/fonts/roboto-bold.woff2 ... 
2017-11-02 15:33:40 +0000  10212 bytes for ./www/assets/fonts/roboto-bold.woff2
2017-11-02 15:33:40 +0000  copying file ./www/assets/fonts/noto-sans.scss ... 
2017-11-02 15:33:40 +0000  1282 bytes for ./www/assets/fonts/noto-sans.scss
2017-11-02 15:33:40 +0000  copying file ./www/assets/fonts/roboto.scss ... 
1458 bytes for ./www/assets/fonts/roboto.scss
copying file ./www/assets/fonts/noto-sans-regular.woff ... 
2017-11-02 15:33:40 +0000  212780 bytes for ./www/assets/fonts/noto-sans-regular.woff
2017-11-02 15:33:40 +0000  copying file ./www/assets/fonts/roboto-medium.woff ... 
2017-11-02 15:33:40 +0000  13248 bytes for ./www/assets/fonts/roboto-medium.woff
2017-11-02 15:33:40 +0000  copying file ./www/assets/fonts/roboto-bold.woff ... 
2017-11-02 15:33:40 +0000  13348 bytes for ./www/assets/fonts/roboto-bold.woff
copying file ./www/assets/fonts/noto-sans-regular.ttf ... 
2017-11-02 15:33:40 +0000  414820 bytes for ./www/assets/fonts/noto-sans-regular.ttf
copying file ./www/assets/fonts/ionicons.svg ... 
2017-11-02 15:33:40 +0000  400219 bytes for ./www/assets/fonts/ionicons.svg
copying file ./www/assets/fonts/roboto-bold.ttf ... 
2017-11-02 15:33:40 +0000  20040 bytes for ./www/assets/fonts/roboto-bold.ttf
copying file ./www/assets/fonts/ionicons.woff2 ... 
2017-11-02 15:33:40 +0000  61020 bytes for ./www/assets/fonts/ionicons.woff2
2017-11-02 15:33:40 +0000  copying file ./www/assets/fonts/ionicons.scss ... 
2017-11-02 15:33:40 +0000  1152 bytes for ./www/assets/fonts/ionicons.scss
2017-11-02 15:33:40 +0000  copying file ./www/wk-plugin.js ... 
1779 bytes for ./www/wk-plugin.js
2017-11-02 15:33:40 +0000  copying file ./archived-expanded-entitlements.xcent ... 
2017-11-02 15:33:40 +0000  181 bytes for ./archived-expanded-entitlements.xcent
copying file ./LaunchImage-Landscape~ipad.png ... 
2017-11-02 15:33:40 +0000  28641 bytes for ./LaunchImage-Landscape~ipad.png
2017-11-02 15:33:40 +0000  copying file ./LaunchImage-700-Portrait~ipad.png ... 
2017-11-02 15:33:40 +0000  27228 bytes for ./LaunchImage-700-Portrait~ipad.png
copying file ./Assets.car ... 
2017-11-02 15:33:40 +0000  448456 bytes for ./Assets.car
copying file ./AppIcon40x40@2x~ipad.png ... 
2017-11-02 15:33:40 +0000  6217 bytes for ./AppIcon40x40@2x~ipad.png
copying file ./AppIcon76x76@2x~ipad.png ... 
2017-11-02 15:33:40 +0000  12482 bytes for ./AppIcon76x76@2x~ipad.png
copying file ./LaunchImage-800-Portrait-736h@3x.png ... 
2017-11-02 15:33:40 +0000  137256 bytes for ./LaunchImage-800-Portrait-736h@3x.png
2017-11-02 15:33:40 +0000  copying file ./AppIcon72x72~ipad.png ... 
2017-11-02 15:33:40 +0000  5055 bytes for ./AppIcon72x72~ipad.png
2017-11-02 15:33:40 +0000  copying file ./CDVLaunchScreen.storyboardc/01J-lp-oVM-view-Ze5-6b-2t3.nib ... 
2017-11-02 15:33:40 +0000  2285 bytes for ./CDVLaunchScreen.storyboardc/01J-lp-oVM-view-Ze5-6b-2t3.nib
copying file ./CDVLaunchScreen.storyboardc/UIViewController-01J-lp-oVM.nib ... 
2017-11-02 15:33:40 +0000  832 bytes for ./CDVLaunchScreen.storyboardc/UIViewController-01J-lp-oVM.nib
copying file ./CDVLaunchScreen.storyboardc/Info.plist ... 
2017-11-02 15:33:40 +0000  258 bytes for ./CDVLaunchScreen.storyboardc/Info.plist
2017-11-02 15:33:40 +0000  copying file ./LaunchImage-700@2x.png ... 
2017-11-02 15:33:40 +0000  23869 bytes for ./LaunchImage-700@2x.png
copying file ./AppIcon83.5x83.5@2x~ipad.png ... 
2017-11-02 15:33:40 +0000  14259 bytes for ./AppIcon83.5x83.5@2x~ipad.png
copying file ./LaunchImage-700-568h@2x.png ... 
2017-11-02 15:33:40 +0000  24210 bytes for ./LaunchImage-700-568h@2x.png
copying file ./LaunchImage-Landscape@2x~ipad.png ... 
2017-11-02 15:33:40 +0000  141851 bytes for ./LaunchImage-Landscape@2x~ipad.png
2017-11-02 15:33:40 +0000  copying file ./AppIcon50x50~ipad.png ... 
2017-11-02 15:33:40 +0000  2278 bytes for ./AppIcon50x50~ipad.png
copying file ./AppIcon29x29@2x~ipad.png ... 
2017-11-02 15:33:40 +0000  2643 bytes for ./AppIcon29x29@2x~ipad.png
2017-11-02 15:33:40 +0000  copying file ./LaunchImage-700-Landscape@2x~ipad.png ... 
2017-11-02 15:33:40 +0000  141851 bytes for ./LaunchImage-700-Landscape@2x~ipad.png
2017-11-02 15:33:40 +0000  copying file ./AppIcon50x50@2x~ipad.png ... 
2017-11-02 15:33:40 +0000  7917 bytes for ./AppIcon50x50@2x~ipad.png
copying file ./AppIcon40x40~ipad.png ... 
2017-11-02 15:33:40 +0000  1574 bytes for ./AppIcon40x40~ipad.png
2017-11-02 15:33:40 +0000  copying file ./LaunchImage.png ... 
2017-11-02 15:33:40 +0000  9852 bytes for ./LaunchImage.png
copying file ./embedded.mobileprovision ... 
2017-11-02 15:33:40 +0000  35900 bytes for ./embedded.mobileprovision
copying file ./LaunchImage-800-Landscape-736h@3x.png ... 
2017-11-02 15:33:40 +0000  136925 bytes for ./LaunchImage-800-Landscape-736h@3x.png
copying file ./LaunchImage-700-Portrait@2x~ipad.png ... 
2017-11-02 15:33:40 +0000  145829 bytes for ./LaunchImage-700-Portrait@2x~ipad.png
copying file ./LaunchImage-700-Landscape~ipad.png ... 
2017-11-02 15:33:40 +0000  28641 bytes for ./LaunchImage-700-Landscape~ipad.png
2017-11-02 15:33:40 +0000  copying file ./AppIcon20x20@2x~ipad.png ... 
2017-11-02 15:33:40 +0000  1574 bytes for ./AppIcon20x20@2x~ipad.png
2017-11-02 15:33:40 +0000  copying file ./Info.plist ... 
2017-11-02 15:33:40 +0000  2215 bytes for ./Info.plist
copying file ./PkgInfo ... 
2017-11-02 15:33:40 +0000  8 bytes for ./PkgInfo
2017-11-02 15:33:40 +0000  copying file ./AppIcon76x76~ipad.png ... 
2017-11-02 15:33:40 +0000  5829 bytes for ./AppIcon76x76~ipad.png
2017-11-02 15:33:40 +0000  
2017-11-02 15:33:40 +0000  2017-11-02 15:33:40 +0000  
2017-11-02 15:33:40 +0000 [MT] /usr/bin/ditto exited with 0

2017-11-02 15:33:40 +0000  2017-11-02 15:33:40 +0000  

2017-11-02 15:33:40 +0000 [MT] Processing step: IDEDistributionEmbedProfileStep
2017-11-02 15:33:40 +0000 [MT] Processing step: IDEDistributionAppThinningPlistStep
2017-11-02 15:33:40 +0000 [MT] Skipping step: IDEDistributionAppThinningPlistStep because it said so
2017-11-02 15:33:40 +0000 [MT] Processing step: IDEDistributionCompileBitcodeStep
2017-11-02 15:33:40 +0000 [MT] Skipping step: IDEDistributionCompileBitcodeStep because it said so
2017-11-02 15:33:40 +0000 [MT] Processing step: IDEDistributionCodeSlimmingStep
2017-11-02 15:33:40 +0000 [MT] Processing step: IDEDistributionCopyBCSymbolMapsStep
2017-11-02 15:33:40 +0000 [MT] Skipping step: IDEDistributionCopyBCSymbolMapsStep because it said so
2017-11-02 15:33:40 +0000 [MT] Processing step: IDEDistributionSymbolsStep
2017-11-02 15:33:40 +0000 [MT] Skipping step: IDEDistributionSymbolsStep because it said so
2017-11-02 15:33:40 +0000 [MT] Processing step: IDEDistributionAppThinningStep
2017-11-02 15:33:40 +0000 [MT] Skipping step: IDEDistributionAppThinningStep because it said so
2017-11-02 15:33:40 +0000 [MT] Processing step: IDEDistributionODRStep
2017-11-02 15:33:40 +0000 [MT] Processing step: IDEDistributionStripXattrsStep
2017-11-02 15:33:40 +0000 [MT] Running /usr/bin/xattr '-cr' '/var/folders/0h/_vdynxmj5lqdc1l6sq09m1qm0000gn/T/XcodeDistPipeline.BSl/Root/Payload/MyApp.app'
2017-11-02 15:33:41 +0000  
2017-11-02 15:33:41 +0000  
2017-11-02 15:33:41 +0000  2017-11-02 15:33:41 +0000  

2017-11-02 15:33:41 +0000 [MT] /usr/bin/xattr exited with 02017-11-02 15:33:41 +0000  
2017-11-02 15:33:41 +0000  

2017-11-02 15:33:41 +0000 [MT] Processing step: IDEDistributionCodesignStep
2017-11-02 15:33:41 +0000 [MT] Applying entitlements delta for <IDEDistributionItem: 0x7fce096d00b0 'io.ionic.starter' '<DVTFilePath:0x7fce097ba820:'/Users/arthurhatchiguian/Desktop/Epitech/mobile hybrid/mobileHybrid/platforms/ios/MyApp.xcarchive/Products/Applications/MyApp.app'>'> from <IDEiCloudEntitlementsProcessor: 0x7fce09375750>: {
}
2017-11-02 15:33:41 +0000 [MT] Entitlements for <IDEDistributionItem: 0x7fce096d00b0 'io.ionic.starter' '<DVTFilePath:0x7fce097ba820:'/Users/arthurhatchiguian/Desktop/Epitech/mobile hybrid/mobileHybrid/platforms/ios/MyApp.xcarchive/Products/Applications/MyApp.app'>'>: {
    "application-identifier" = "B59R52GQM2.io.ionic.starter";
    "com.apple.developer.team-identifier" = B59R52GQM2;
    "get-task-allow" = 1;
}
2017-11-02 15:33:41 +0000 [MT] Writing entitlements for <IDEDistributionItem: 0x7fce096d00b0 'io.ionic.starter' '<DVTFilePath:0x7fce097ba820:'/Users/arthurhatchiguian/Desktop/Epitech/mobile hybrid/mobileHybrid/platforms/ios/MyApp.xcarchive/Products/Applications/MyApp.app'>'> to: /var/folders/0h/_vdynxmj5lqdc1l6sq09m1qm0000gn/T/XcodeDistPipeline.BSl/entitlementslvPFvz
2017-11-02 15:33:41 +0000 [MT] Running /usr/bin/codesign '-vvv' '--force' '--sign' '84B642F56EE3C7C619D7BB5AD4512D3FAF9D106C' '--preserve-metadata=identifier,flags' '--entitlements' '/var/folders/0h/_vdynxmj5lqdc1l6sq09m1qm0000gn/T/XcodeDistPipeline.BSl/entitlementslvPFvz' '/var/folders/0h/_vdynxmj5lqdc1l6sq09m1qm0000gn/T/XcodeDistPipeline.BSl/Root/Payload/MyApp.app'
2017-11-02 15:33:41 +0000  /var/folders/0h/_vdynxmj5lqdc1l6sq09m1qm0000gn/T/XcodeDistPipeline.BSl/Root/Payload/MyApp.app: replacing existing signature
2017-11-02 15:33:41 +0000  /var/folders/0h/_vdynxmj5lqdc1l6sq09m1qm0000gn/T/XcodeDistPipeline.BSl/Root/Payload/MyApp.app: signed app bundle with Mach-O universal (armv7 arm64) [io.ionic.starter]
2017-11-02 15:33:41 +0000  
2017-11-02 15:33:41 +0000  
2017-11-02 15:33:41 +0000  
2017-11-02 15:33:41 +0000  
2017-11-02 15:33:41 +0000  
2017-11-02 15:33:41 +0000  
2017-11-02 15:33:41 +0000  
2017-11-02 15:33:41 +0000  2017-11-02 15:33:41 +0000 [MT] /usr/bin/codesign exited with 0
2017-11-02 15:33:41 +0000  

2017-11-02 15:33:41 +0000 [MT] Processing step: IDEDistributionStreamingZipItemStep
2017-11-02 15:33:41 +0000 [MT] Skipping step: IDEDistributionStreamingZipItemStep because it said so
2017-11-02 15:33:41 +0000 [MT] Processing step: IDEDistributionCreateIPAStep
2017-11-02 15:33:41 +0000 [MT] Running /usr/bin/ditto '-V' '-c' '-k' '--norsrc' '/var/folders/0h/_vdynxmj5lqdc1l6sq09m1qm0000gn/T/XcodeDistPipeline.BSl/Root' '/var/folders/0h/_vdynxmj5lqdc1l6sq09m1qm0000gn/T/XcodeDistPipeline.BSl/Packages/MyApp.ipa'
2017-11-02 15:33:41 +0000  >>> Copying /var/folders/0h/_vdynxmj5lqdc1l6sq09m1qm0000gn/T/XcodeDistPipeline.BSl/Root 
2017-11-02 15:33:41 +0000  copying file ./Payload/MyApp.app/_CodeSignature/CodeResources ... 
2017-11-02 15:33:41 +0000  35585 bytes for ./Payload/MyApp.app/_CodeSignature/CodeResources
2017-11-02 15:33:41 +0000  copying file ./Payload/MyApp.app/LaunchImage@2x.png ... 
2017-11-02 15:33:41 +0000  23869 bytes for ./Payload/MyApp.app/LaunchImage@2x.png
2017-11-02 15:33:41 +0000  copying file ./Payload/MyApp.app/AppIcon20x20@2x.png ... 
2017-11-02 15:33:41 +0000  1574 bytes for ./Payload/MyApp.app/AppIcon20x20@2x.png
2017-11-02 15:33:41 +0000  copying file ./Payload/MyApp.app/MainViewController.nib ... 
943 bytes for ./Payload/MyApp.app/MainViewController.nib
2017-11-02 15:33:41 +0000  copying file ./Payload/MyApp.app/AppIcon57x57.png ... 
2017-11-02 15:33:41 +0000  2442 bytes for ./Payload/MyApp.app/AppIcon57x57.png
copying file ./Payload/MyApp.app/AppIcon20x20@3x.png ... 
2017-11-02 15:33:41 +0000  3194 bytes for ./Payload/MyApp.app/AppIcon20x20@3x.png
copying file ./Payload/MyApp.app/AppIcon29x29.png ... 
2017-11-02 15:33:41 +0000  1161 bytes for ./Payload/MyApp.app/AppIcon29x29.png
copying file ./Payload/MyApp.app/LaunchImage-568h@2x.png ... 
2017-11-02 15:33:41 +0000  24210 bytes for ./Payload/MyApp.app/LaunchImage-568h@2x.png
2017-11-02 15:33:41 +0000  copying file ./Payload/MyApp.app/AppIcon60x60@2x.png ... 
2017-11-02 15:33:41 +0000  9342 bytes for ./Payload/MyApp.app/AppIcon60x60@2x.png
2017-11-02 15:33:41 +0000  copying file ./Payload/MyApp.app/AppIcon72x72@2x~ipad.png ... 
2017-11-02 15:33:41 +0000  11850 bytes for ./Payload/MyApp.app/AppIcon72x72@2x~ipad.png
2017-11-02 15:33:41 +0000  copying file ./Payload/MyApp.app/AppIcon29x29@2x.png ... 
2017-11-02 15:33:41 +0000  2643 bytes for ./Payload/MyApp.app/AppIcon29x29@2x.png
copying file ./Payload/MyApp.app/LaunchImage-800-667h@2x.png ... 
2017-11-02 15:33:41 +0000  30104 bytes for ./Payload/MyApp.app/LaunchImage-800-667h@2x.png
2017-11-02 15:33:41 +0000  copying file ./Payload/MyApp.app/LaunchImage-Portrait@2x~ipad.png ... 
2017-11-02 15:33:41 +0000  145829 bytes for ./Payload/MyApp.app/LaunchImage-Portrait@2x~ipad.png
copying file ./Payload/MyApp.app/AppIcon40x40@3x.png ... 
2017-11-02 15:33:41 +0000  9342 bytes for ./Payload/MyApp.app/AppIcon40x40@3x.png
2017-11-02 15:33:41 +0000  copying file ./Payload/MyApp.app/AppIcon57x57@2x.png ... 
2017-11-02 15:33:41 +0000  9149 bytes for ./Payload/MyApp.app/AppIcon57x57@2x.png
2017-11-02 15:33:41 +0000  copying file ./Payload/MyApp.app/AppIcon29x29~ipad.png ... 
2017-11-02 15:33:41 +0000  1161 bytes for ./Payload/MyApp.app/AppIcon29x29~ipad.png
copying file ./Payload/MyApp.app/AppIcon40x40@2x.png ... 
2017-11-02 15:33:41 +0000  6217 bytes for ./Payload/MyApp.app/AppIcon40x40@2x.png
2017-11-02 15:33:41 +0000  copying file ./Payload/MyApp.app/LaunchImage-Portrait~ipad.png ... 
2017-11-02 15:33:41 +0000  27228 bytes for ./Payload/MyApp.app/LaunchImage-Portrait~ipad.png
2017-11-02 15:33:41 +0000  copying file ./Payload/MyApp.app/AppIcon29x29@3x.png ... 
2017-11-02 15:33:41 +0000  6514 bytes for ./Payload/MyApp.app/AppIcon29x29@3x.png
copying file ./Payload/MyApp.app/GoogleService-Info.plist ... 
2017-11-02 15:33:41 +0000  883 bytes for ./Payload/MyApp.app/GoogleService-Info.plist
copying file ./Payload/MyApp.app/AppIcon60x60@3x.png ... 
15427 bytes for ./Payload/MyApp.app/AppIcon60x60@3x.png
copying file ./Payload/MyApp.app/MyApp ... 
2017-11-02 15:33:41 +0000  2948720 bytes for ./Payload/MyApp.app/MyApp
copying file ./Payload/MyApp.app/config.xml ... 
2017-11-02 15:33:41 +0000  6531 bytes for ./Payload/MyApp.app/config.xml
2017-11-02 15:33:41 +0000  copying file ./Payload/MyApp.app/www/index.html ... 
1921 bytes for ./Payload/MyApp.app/www/index.html
2017-11-02 15:33:41 +0000  copying file ./Payload/MyApp.app/www/cordova.js ... 
2017-11-02 15:33:41 +0000  78044 bytes for ./Payload/MyApp.app/www/cordova.js
2017-11-02 15:33:41 +0000  copying file ./Payload/MyApp.app/www/plugins/cordova-plugin-ionic-webview/src/www/ios/ios-wkwebview-exec.js ... 
2017-11-02 15:33:41 +0000  6167 bytes for ./Payload/MyApp.app/www/plugins/cordova-plugin-ionic-webview/src/www/ios/ios-wkwebview-exec.js
2017-11-02 15:33:41 +0000  copying file ./Payload/MyApp.app/www/plugins/cordova-plugin-device/www/device.js ... 
2017-11-02 15:33:41 +0000  3062 bytes for ./Payload/MyApp.app/www/plugins/cordova-plugin-device/www/device.js
2017-11-02 15:33:41 +0000  copying file ./Payload/MyApp.app/www/plugins/cordova-plugin-geolocation/www/geolocation.js ... 
2017-11-02 15:33:41 +0000  8629 bytes for ./Payload/MyApp.app/www/plugins/cordova-plugin-geolocation/www/geolocation.js
2017-11-02 15:33:41 +0000  copying file ./Payload/MyApp.app/www/plugins/cordova-plugin-geolocation/www/PositionError.js ... 
2017-11-02 15:33:41 +0000  1376 bytes for ./Payload/MyApp.app/www/plugins/cordova-plugin-geolocation/www/PositionError.js
copying file ./Payload/MyApp.app/www/plugins/cordova-plugin-geolocation/www/Coordinates.js ... 
2017-11-02 15:33:41 +0000  2075 bytes for ./Payload/MyApp.app/www/plugins/cordova-plugin-geolocation/www/Coordinates.js
2017-11-02 15:33:41 +0000  copying file ./Payload/MyApp.app/www/plugins/cordova-plugin-geolocation/www/Position.js ... 
2017-11-02 15:33:41 +0000  1358 bytes for ./Payload/MyApp.app/www/plugins/cordova-plugin-geolocation/www/Position.js
2017-11-02 15:33:41 +0000  copying file ./Payload/MyApp.app/www/plugins/cordova-plugin-firebase-analytics/www/FirebaseAnalytics.js ... 
2017-11-02 15:33:41 +0000  876 bytes for ./Payload/MyApp.app/www/plugins/cordova-plugin-firebase-analytics/www/FirebaseAnalytics.js
2017-11-02 15:33:41 +0000  copying file ./Payload/MyApp.app/www/plugins/ionic-plugin-keyboard/www/ios/keyboard.js ... 
2017-11-02 15:33:41 +0000  1108 bytes for ./Payload/MyApp.app/www/plugins/ionic-plugin-keyboard/www/ios/keyboard.js
2017-11-02 15:33:41 +0000  copying file ./Payload/MyApp.app/www/plugins/cordova-plugin-statusbar/www/statusbar.js ... 
2017-11-02 15:33:41 +0000  3376 bytes for ./Payload/MyApp.app/www/plugins/cordova-plugin-statusbar/www/statusbar.js
2017-11-02 15:33:41 +0000  copying file ./Payload/MyApp.app/www/plugins/cordova-plugin-splashscreen/www/splashscreen.js ... 
2017-11-02 15:33:41 +0000  1173 bytes for ./Payload/MyApp.app/www/plugins/cordova-plugin-splashscreen/www/splashscreen.js
2017-11-02 15:33:41 +0000  copying file ./Payload/MyApp.app/www/cordova-js-src/exec.js ... 
2017-11-02 15:33:41 +0000  8877 bytes for ./Payload/MyApp.app/www/cordova-js-src/exec.js
2017-11-02 15:33:41 +0000  copying file ./Payload/MyApp.app/www/cordova-js-src/plugin/ios/logger.js ... 
2017-11-02 15:33:41 +0000  10233 bytes for ./Payload/MyApp.app/www/cordova-js-src/plugin/ios/logger.js
2017-11-02 15:33:41 +0000  copying file ./Payload/MyApp.app/www/cordova-js-src/plugin/ios/console.js ... 
2017-11-02 15:33:41 +0000  6822 bytes for ./Payload/MyApp.app/www/cordova-js-src/plugin/ios/console.js
copying file ./Payload/MyApp.app/www/cordova-js-src/platform.js ... 
2017-11-02 15:33:41 +0000  1168 bytes for ./Payload/MyApp.app/www/cordova-js-src/platform.js
2017-11-02 15:33:41 +0000  copying file ./Payload/MyApp.app/www/manifest.json ... 
2017-11-02 15:33:41 +0000  266 bytes for ./Payload/MyApp.app/www/manifest.json
copying file ./Payload/MyApp.app/www/cordova_plugins.js ... 
2017-11-02 15:33:41 +0000  2868 bytes for ./Payload/MyApp.app/www/cordova_plugins.js
copying file ./Payload/MyApp.app/www/service-worker.js ... 
2017-11-02 15:33:41 +0000  740 bytes for ./Payload/MyApp.app/www/service-worker.js
2017-11-02 15:33:41 +0000  copying file ./Payload/MyApp.app/www/build/main.js.map ... 
2017-11-02 15:33:41 +0000  13280 bytes for ./Payload/MyApp.app/www/build/main.js.map
2017-11-02 15:33:41 +0000  copying file ./Payload/MyApp.app/www/build/main.css.map ... 
4 bytes for ./Payload/MyApp.app/www/build/main.css.map
copying file ./Payload/MyApp.app/www/build/polyfills.js ... 
2017-11-02 15:33:41 +0000  96527 bytes for ./Payload/MyApp.app/www/build/polyfills.js
2017-11-02 15:33:41 +0000  copying file ./Payload/MyApp.app/www/build/1.js.map ... 
914 bytes for ./Payload/MyApp.app/www/build/1.js.map
2017-11-02 15:33:41 +0000  copying file ./Payload/MyApp.app/www/build/main.css ... 
2017-11-02 15:33:41 +0000  499193 bytes for ./Payload/MyApp.app/www/build/main.css
2017-11-02 15:33:41 +0000  copying file ./Payload/MyApp.app/www/build/vendor.js ... 
2017-11-02 15:33:41 +0000  4184838 bytes for ./Payload/MyApp.app/www/build/vendor.js
copying file ./Payload/MyApp.app/www/build/main.js ... 
2017-11-02 15:33:41 +0000  15197 bytes for ./Payload/MyApp.app/www/build/main.js
copying file ./Payload/MyApp.app/www/build/0.js.map ... 
2017-11-02 15:33:41 +0000  7262 bytes for ./Payload/MyApp.app/www/build/0.js.map
copying file ./Payload/MyApp.app/www/build/0.js ... 
2017-11-02 15:33:41 +0000  10451 bytes for ./Payload/MyApp.app/www/build/0.js
copying file ./Payload/MyApp.app/www/build/1.js ... 
2017-11-02 15:33:41 +0000  2077 bytes for ./Payload/MyApp.app/www/build/1.js
copying file ./Payload/MyApp.app/www/build/sw-toolbox.js ... 
2017-11-02 15:33:41 +0000  15793 bytes for ./Payload/MyApp.app/www/build/sw-toolbox.js
copying file ./Payload/MyApp.app/www/build/vendor.js.map ... 
2017-11-02 15:33:42 +0000  4898813 bytes for ./Payload/MyApp.app/www/build/vendor.js.map
2017-11-02 15:33:42 +0000  copying file ./Payload/MyApp.app/www/assets/icon/favicon.ico ... 
2017-11-02 15:33:42 +0000  1981 bytes for ./Payload/MyApp.app/www/assets/icon/favicon.ico
2017-11-02 15:33:42 +0000  copying file ./Payload/MyApp.app/www/assets/fonts/roboto-medium.ttf ... 
2017-11-02 15:33:42 +0000  19752 bytes for ./Payload/MyApp.app/www/assets/fonts/roboto-medium.ttf
copying file ./Payload/MyApp.app/www/assets/fonts/roboto-light.woff2 ... 
2017-11-02 15:33:42 +0000  10220 bytes for ./Payload/MyApp.app/www/assets/fonts/roboto-light.woff2
copying file ./Payload/MyApp.app/www/assets/fonts/roboto-light.ttf ... 
2017-11-02 15:33:42 +0000  19908 bytes for ./Payload/MyApp.app/www/assets/fonts/roboto-light.ttf
2017-11-02 15:33:42 +0000  copying file ./Payload/MyApp.app/www/assets/fonts/roboto-regular.woff2 ... 
2017-11-02 15:33:42 +0000  10196 bytes for ./Payload/MyApp.app/www/assets/fonts/roboto-regular.woff2
copying file ./Payload/MyApp.app/www/assets/fonts/roboto-regular.woff ... 
2017-11-02 15:33:42 +0000  13308 bytes for ./Payload/MyApp.app/www/assets/fonts/roboto-regular.woff
copying file ./Payload/MyApp.app/www/assets/fonts/noto-sans-bold.ttf ... 
2017-11-02 15:33:42 +0000  415132 bytes for ./Payload/MyApp.app/www/assets/fonts/noto-sans-bold.ttf
copying file ./Payload/MyApp.app/www/assets/fonts/ionicons.eot ... 
2017-11-02 15:33:42 +0000  144114 bytes for ./Payload/MyApp.app/www/assets/fonts/ionicons.eot
copying file ./Payload/MyApp.app/www/assets/fonts/noto-sans-bold.woff ... 
2017-11-02 15:33:42 +0000  211888 bytes for ./Payload/MyApp.app/www/assets/fonts/noto-sans-bold.woff
copying file ./Payload/MyApp.app/www/assets/fonts/roboto-light.woff ... 
2017-11-02 15:33:42 +0000  13360 bytes for ./Payload/MyApp.app/www/assets/fonts/roboto-light.woff
copying file ./Payload/MyApp.app/www/assets/fonts/roboto-medium.woff2 ... 
2017-11-02 15:33:42 +0000  10192 bytes for ./Payload/MyApp.app/www/assets/fonts/roboto-medium.woff2
copying file ./Payload/MyApp.app/www/assets/fonts/ionicons.woff ... 
2017-11-02 15:33:42 +0000  80356 bytes for ./Payload/MyApp.app/www/assets/fonts/ionicons.woff
copying file ./Payload/MyApp.app/www/assets/fonts/roboto-regular.ttf ... 
2017-11-02 15:33:42 +0000  19876 bytes for ./Payload/MyApp.app/www/assets/fonts/roboto-regular.ttf
copying file ./Payload/MyApp.app/www/assets/fonts/ionicons.ttf ... 
2017-11-02 15:33:42 +0000  143936 bytes for ./Payload/MyApp.app/www/assets/fonts/ionicons.ttf
copying file ./Payload/MyApp.app/www/assets/fonts/roboto-bold.woff2 ... 
2017-11-02 15:33:42 +0000  10212 bytes for ./Payload/MyApp.app/www/assets/fonts/roboto-bold.woff2
2017-11-02 15:33:42 +0000  copying file ./Payload/MyApp.app/www/assets/fonts/noto-sans.scss ... 
1282 bytes for ./Payload/MyApp.app/www/assets/fonts/noto-sans.scss
copying file ./Payload/MyApp.app/www/assets/fonts/roboto.scss ... 
2017-11-02 15:33:42 +0000  1458 bytes for ./Payload/MyApp.app/www/assets/fonts/roboto.scss
copying file ./Payload/MyApp.app/www/assets/fonts/noto-sans-regular.woff ... 
2017-11-02 15:33:42 +0000  212780 bytes for ./Payload/MyApp.app/www/assets/fonts/noto-sans-regular.woff
copying file ./Payload/MyApp.app/www/assets/fonts/roboto-medium.woff ... 
2017-11-02 15:33:42 +0000  13248 bytes for ./Payload/MyApp.app/www/assets/fonts/roboto-medium.woff
copying file ./Payload/MyApp.app/www/assets/fonts/roboto-bold.woff ... 
2017-11-02 15:33:42 +0000  13348 bytes for ./Payload/MyApp.app/www/assets/fonts/roboto-bold.woff
copying file ./Payload/MyApp.app/www/assets/fonts/noto-sans-regular.ttf ... 
2017-11-02 15:33:42 +0000  414820 bytes for ./Payload/MyApp.app/www/assets/fonts/noto-sans-regular.ttf
copying file ./Payload/MyApp.app/www/assets/fonts/ionicons.svg ... 
2017-11-02 15:33:42 +0000  400219 bytes for ./Payload/MyApp.app/www/assets/fonts/ionicons.svg
copying file ./Payload/MyApp.app/www/assets/fonts/roboto-bold.ttf ... 
2017-11-02 15:33:42 +0000  20040 bytes for ./Payload/MyApp.app/www/assets/fonts/roboto-bold.ttf
copying file ./Payload/MyApp.app/www/assets/fonts/ionicons.woff2 ... 
2017-11-02 15:33:42 +0000  61020 bytes for ./Payload/MyApp.app/www/assets/fonts/ionicons.woff2
copying file ./Payload/MyApp.app/www/assets/fonts/ionicons.scss ... 
2017-11-02 15:33:42 +0000  1152 bytes for ./Payload/MyApp.app/www/assets/fonts/ionicons.scss
copying file ./Payload/MyApp.app/www/wk-plugin.js ... 
2017-11-02 15:33:42 +0000  1779 bytes for ./Payload/MyApp.app/www/wk-plugin.js
copying file ./Payload/MyApp.app/archived-expanded-entitlements.xcent ... 
2017-11-02 15:33:42 +0000  181 bytes for ./Payload/MyApp.app/archived-expanded-entitlements.xcent
copying file ./Payload/MyApp.app/LaunchImage-Landscape~ipad.png ... 
2017-11-02 15:33:42 +0000  28641 bytes for ./Payload/MyApp.app/LaunchImage-Landscape~ipad.png
copying file ./Payload/MyApp.app/LaunchImage-700-Portrait~ipad.png ... 
2017-11-02 15:33:42 +0000  27228 bytes for ./Payload/MyApp.app/LaunchImage-700-Portrait~ipad.png
copying file ./Payload/MyApp.app/Assets.car ... 
2017-11-02 15:33:42 +0000  448456 bytes for ./Payload/MyApp.app/Assets.car
copying file ./Payload/MyApp.app/AppIcon40x40@2x~ipad.png ... 
2017-11-02 15:33:42 +0000  6217 bytes for ./Payload/MyApp.app/AppIcon40x40@2x~ipad.png
copying file ./Payload/MyApp.app/AppIcon76x76@2x~ipad.png ... 
2017-11-02 15:33:42 +0000  12482 bytes for ./Payload/MyApp.app/AppIcon76x76@2x~ipad.png
copying file ./Payload/MyApp.app/LaunchImage-800-Portrait-736h@3x.png ... 
2017-11-02 15:33:42 +0000  137256 bytes for ./Payload/MyApp.app/LaunchImage-800-Portrait-736h@3x.png
copying file ./Payload/MyApp.app/AppIcon72x72~ipad.png ... 
2017-11-02 15:33:42 +0000  5055 bytes for ./Payload/MyApp.app/AppIcon72x72~ipad.png
2017-11-02 15:33:42 +0000  copying file ./Payload/MyApp.app/CDVLaunchScreen.storyboardc/01J-lp-oVM-view-Ze5-6b-2t3.nib ... 
2017-11-02 15:33:42 +0000  2285 bytes for ./Payload/MyApp.app/CDVLaunchScreen.storyboardc/01J-lp-oVM-view-Ze5-6b-2t3.nib
copying file ./Payload/MyApp.app/CDVLaunchScreen.storyboardc/UIViewController-01J-lp-oVM.nib ... 
2017-11-02 15:33:42 +0000  832 bytes for ./Payload/MyApp.app/CDVLaunchScreen.storyboardc/UIViewController-01J-lp-oVM.nib
copying file ./Payload/MyApp.app/CDVLaunchScreen.storyboardc/Info.plist ... 
2017-11-02 15:33:42 +0000  258 bytes for ./Payload/MyApp.app/CDVLaunchScreen.storyboardc/Info.plist
copying file ./Payload/MyApp.app/LaunchImage-700@2x.png ... 
2017-11-02 15:33:42 +0000  23869 bytes for ./Payload/MyApp.app/LaunchImage-700@2x.png
copying file ./Payload/MyApp.app/AppIcon83.5x83.5@2x~ipad.png ... 
2017-11-02 15:33:42 +0000  14259 bytes for ./Payload/MyApp.app/AppIcon83.5x83.5@2x~ipad.png
2017-11-02 15:33:42 +0000  copying file ./Payload/MyApp.app/LaunchImage-700-568h@2x.png ... 
2017-11-02 15:33:42 +0000  24210 bytes for ./Payload/MyApp.app/LaunchImage-700-568h@2x.png
copying file ./Payload/MyApp.app/LaunchImage-Landscape@2x~ipad.png ... 
2017-11-02 15:33:42 +0000  141851 bytes for ./Payload/MyApp.app/LaunchImage-Landscape@2x~ipad.png
copying file ./Payload/MyApp.app/AppIcon50x50~ipad.png ... 
2017-11-02 15:33:42 +0000  2278 bytes for ./Payload/MyApp.app/AppIcon50x50~ipad.png
copying file ./Payload/MyApp.app/AppIcon29x29@2x~ipad.png ... 
2017-11-02 15:33:42 +0000  2643 bytes for ./Payload/MyApp.app/AppIcon29x29@2x~ipad.png
copying file ./Payload/MyApp.app/LaunchImage-700-Landscape@2x~ipad.png ... 
2017-11-02 15:33:42 +0000  141851 bytes for ./Payload/MyApp.app/LaunchImage-700-Landscape@2x~ipad.png
copying file ./Payload/MyApp.app/AppIcon50x50@2x~ipad.png ... 
2017-11-02 15:33:42 +0000  7917 bytes for ./Payload/MyApp.app/AppIcon50x50@2x~ipad.png
copying file ./Payload/MyApp.app/AppIcon40x40~ipad.png ... 
2017-11-02 15:33:42 +0000  1574 bytes for ./Payload/MyApp.app/AppIcon40x40~ipad.png
2017-11-02 15:33:42 +0000  copying file ./Payload/MyApp.app/LaunchImage.png ... 
2017-11-02 15:33:42 +0000  9852 bytes for ./Payload/MyApp.app/LaunchImage.png
copying file ./Payload/MyApp.app/embedded.mobileprovision ... 
2017-11-02 15:33:42 +0000  35900 bytes for ./Payload/MyApp.app/embedded.mobileprovision
copying file ./Payload/MyApp.app/LaunchImage-800-Landscape-736h@3x.png ... 
2017-11-02 15:33:42 +0000  136925 bytes for ./Payload/MyApp.app/LaunchImage-800-Landscape-736h@3x.png
copying file ./Payload/MyApp.app/LaunchImage-700-Portrait@2x~ipad.png ... 
2017-11-02 15:33:42 +0000  145829 bytes for ./Payload/MyApp.app/LaunchImage-700-Portrait@2x~ipad.png
copying file ./Payload/MyApp.app/LaunchImage-700-Landscape~ipad.png ... 
2017-11-02 15:33:42 +0000  28641 bytes for ./Payload/MyApp.app/LaunchImage-700-Landscape~ipad.png
2017-11-02 15:33:42 +0000  copying file ./Payload/MyApp.app/AppIcon20x20@2x~ipad.png ... 
2017-11-02 15:33:42 +0000  1574 bytes for ./Payload/MyApp.app/AppIcon20x20@2x~ipad.png
copying file ./Payload/MyApp.app/Info.plist ... 
2017-11-02 15:33:42 +0000  2215 bytes for ./Payload/MyApp.app/Info.plist
copying file ./Payload/MyApp.app/PkgInfo ... 
2017-11-02 15:33:42 +0000  8 bytes for ./Payload/MyApp.app/PkgInfo
copying file ./Payload/MyApp.app/AppIcon76x76~ipad.png ... 
2017-11-02 15:33:42 +0000  5829 bytes for ./Payload/MyApp.app/AppIcon76x76~ipad.png
2017-11-02 15:33:42 +0000  
2017-11-02 15:33:42 +0000  2017-11-02 15:33:42 +0000 [MT] /usr/bin/ditto exited with 0

2017-11-02 15:33:42 +0000  
2017-11-02 15:33:42 +0000  2017-11-02 15:33:42 +0000 [MT] Processing step: IDEDistributionCreateManifestStep

